Using pre-set license
Built from '2020.3/staging' branch; Version is '2020.3.6f1 (338bb68529b2) revision 3378102'; Using compiler version '192528614'; Build Type 'Release'
OS: 'Windows 10 Pro; OS build 19042.985; Version 2009; 64bit' Language: 'en' Physical Memory: 8121 MB
BatchMode: 1, IsHumanControllingUs: 0, StartBugReporterOnCrash: 0, Is64bit: 1, IsPro: 0

 COMMAND LINE ARGUMENTS:
C:\Program Files\Unity\Hub\Editor\2020.3.6f1\Editor\Unity.exe
-adb2
-batchMode
-noUpm
-name
AssetImportWorker0
-projectPath
C:/Users/filip/DjangloDjomloG-CleanVersion
-logFile
Logs/AssetImportWorker0.log
-srvPort
62031
Successfully changed project path to: C:/Users/filip/DjangloDjomloG-CleanVersion
C:/Users/filip/DjangloDjomloG-CleanVersion
Using Asset Import Pipeline V2.
Refreshing native plugins compatible for Editor in 30.78 ms, found 0 plugins.
Preloading 0 native plugins for Editor in 0.00 ms.
Initialize engine version: 2020.3.6f1 (338bb68529b2)
[Subsystems] Discovering subsystems at path C:/Program Files/Unity/Hub/Editor/2020.3.6f1/Editor/Data/Resources/UnitySubsystems
[Subsystems] Discovering subsystems at path C:/Users/filip/DjangloDjomloG-CleanVersion/Assets
GfxDevice: creating device client; threaded=0
Direct3D:
    Version:  Direct3D 11.0 [level 11.1]
    Renderer: Radeon RX 560 Series (ID=0x67ef)
    Vendor:   
    VRAM:     2027 MB
    Driver:   27.20.21002.112
Initialize mono
Mono path[0] = 'C:/Program Files/Unity/Hub/Editor/2020.3.6f1/Editor/Data/Managed'
Mono path[1] = 'C:/Program Files/Unity/Hub/Editor/2020.3.6f1/Editor/Data/MonoBleedingEdge/lib/mono/unityjit'
Mono config path = 'C:/Program Files/Unity/Hub/Editor/2020.3.6f1/Editor/Data/MonoBleedingEdge/etc'
Using monoOptions --debugger-agent=transport=dt_socket,embedding=1,server=y,suspend=n,address=127.0.0.1:56648
Begin MonoManager ReloadAssembly
Registering precompiled unity dll's ...
Register platform support module: C:/Program Files/Unity/Hub/Editor/2020.3.6f1/Editor/Data/PlaybackEngines/WebGLSupport/UnityEditor.WebGL.Extensions.dll
Register platform support module: C:/Program Files/Unity/Hub/Editor/2020.3.6f1/Editor/Data/PlaybackEngines/WindowsStandaloneSupport/UnityEditor.WindowsStandalone.Extensions.dll
Registered in 0.003470 seconds.
Native extension for WindowsStandalone target not found
Native extension for WebGL target not found
Refreshing native plugins compatible for Editor in 32.63 ms, found 0 plugins.
Preloading 0 native plugins for Editor in 0.00 ms.
Mono: successfully reloaded assembly
- Completed reload, in  1.543 seconds
Platform modules already initialized, skipping
Registering precompiled user dll's ...
Registered in 0.001063 seconds.
Begin MonoManager ReloadAssembly
Native extension for WindowsStandalone target not found
Native extension for WebGL target not found
Refreshing native plugins compatible for Editor in 0.29 ms, found 0 plugins.
Preloading 0 native plugins for Editor in 0.00 ms.
Mono: successfully reloaded assembly
- Completed reload, in  1.170 seconds
Platform modules already initialized, skipping
========================================================================
Worker process is ready to serve import requests
Launched and connected shader compiler UnityShaderCompiler.exe after 0.06 seconds
Refreshing native plugins compatible for Editor in 0.43 ms, found 0 plugins.
Preloading 0 native plugins for Editor in 0.00 ms.
Unloading 1139 Unused Serialized files (Serialized files now loaded: 0)
System memory in use before: 60.0 MB.
System memory in use after: 60.0 MB.

Unloading 10 unused Assets to reduce memory usage. Loaded Objects now: 1584.
Total: 2.249700 ms (FindLiveObjects: 0.187400 ms CreateObjectMapping: 0.129900 ms MarkObjects: 1.826100 ms  DeleteObjects: 0.104900 ms)

========================================================================
Received Import Request.
  path: Assets/Scenes/StartScene.unity
  artifactKey: Guid(42a62eb157d6f5d4c9024b066b0e94e3) Importer(815301076,1909f56bfc062723c751e8b465ee728b)
Start importing Assets/Scenes/StartScene.unity using Guid(42a62eb157d6f5d4c9024b066b0e94e3) Importer(815301076,1909f56bfc062723c751e8b465ee728b)  -> (artifact id: '2cf1777b93802e147eb3606a59478ec8') in 0.020324 seconds
  Import took 0.023117 seconds .

========================================================================
Received Import Request.
  Time since last request: 0.000233 seconds.
  path: Assets/Scenes/SampleScene.unity
  artifactKey: Guid(9fc0d4010bbf28b4594072e72b8655ab) Importer(815301076,1909f56bfc062723c751e8b465ee728b)
Start importing Assets/Scenes/SampleScene.unity using Guid(9fc0d4010bbf28b4594072e72b8655ab) Importer(815301076,1909f56bfc062723c751e8b465ee728b)  -> (artifact id: '0ac43ee8a848c60e14a0629e047890dc') in 0.013056 seconds
  Import took 0.016509 seconds .

========================================================================
Received Import Request.
  Time since last request: 91.415657 seconds.
  path: Assets/Script/Player.cs
  artifactKey: Guid(a08a97ded13d96b4d835374f2b26d2c5) Importer(815301076,1909f56bfc062723c751e8b465ee728b)
Start importing Assets/Script/Player.cs using Guid(a08a97ded13d96b4d835374f2b26d2c5) Importer(815301076,1909f56bfc062723c751e8b465ee728b)  -> (artifact id: 'f4f3e52fec26b22894229c32542c6605') in 0.031710 seconds
  Import took 0.034128 seconds .

========================================================================
Received Import Request.
  Time since last request: 85.519335 seconds.
  path: Assets/Script/Player.cs
  artifactKey: Guid(a08a97ded13d96b4d835374f2b26d2c5) Importer(815301076,1909f56bfc062723c751e8b465ee728b)
Start importing Assets/Script/Player.cs using Guid(a08a97ded13d96b4d835374f2b26d2c5) Importer(815301076,1909f56bfc062723c751e8b465ee728b)  -> (artifact id: '231627a166c78a12e6069a8899bb9116') in 0.007323 seconds
  Import took 0.010220 seconds .

========================================================================
Received Import Request.
  Time since last request: 2.387122 seconds.
  path: Assets/Script/Player.cs
  artifactKey: Guid(a08a97ded13d96b4d835374f2b26d2c5) Importer(815301076,1909f56bfc062723c751e8b465ee728b)
Start importing Assets/Script/Player.cs using Guid(a08a97ded13d96b4d835374f2b26d2c5) Importer(815301076,1909f56bfc062723c751e8b465ee728b)  -> (artifact id: '35c7747ef150895b58b12e6a493a2a72') in 0.006049 seconds
  Import took 0.008941 seconds .

========================================================================
Received Import Request.
  Time since last request: 265.905137 seconds.
  path: Assets/Script/Player.cs
  artifactKey: Guid(a08a97ded13d96b4d835374f2b26d2c5) Importer(815301076,1909f56bfc062723c751e8b465ee728b)
Start importing Assets/Script/Player.cs using Guid(a08a97ded13d96b4d835374f2b26d2c5) Importer(815301076,1909f56bfc062723c751e8b465ee728b)  -> (artifact id: 'c3005c971171878470d4ccbec55f6a01') in 0.005519 seconds
  Import took 0.009009 seconds .

========================================================================
Received Prepare
Registering precompiled user dll's ...
Registered in 0.001356 seconds.
Begin MonoManager ReloadAssembly
Native extension for WindowsStandalone target not found
Native extension for WebGL target not found
Refreshing native plugins compatible for Editor in 0.27 ms, found 0 plugins.
Preloading 0 native plugins for Editor in 0.00 ms.
Mono: successfully reloaded assembly
- Completed reload, in  1.047 seconds
Platform modules already initialized, skipping
Refreshing native plugins compatible for Editor in 0.27 ms, found 0 plugins.
Preloading 0 native plugins for Editor in 0.00 ms.
Unloading 1121 Unused Serialized files (Serialized files now loaded: 0)
System memory in use before: 58.7 MB.
System memory in use after: 58.7 MB.

Unloading 5 unused Assets to reduce memory usage. Loaded Objects now: 1587.
Total: 2.013000 ms (FindLiveObjects: 0.173300 ms CreateObjectMapping: 0.035300 ms MarkObjects: 1.732600 ms  DeleteObjects: 0.070300 ms)

========================================================================
Received Prepare
Registering precompiled user dll's ...
Registered in 0.002288 seconds.
Begin MonoManager ReloadAssembly
Native extension for WindowsStandalone target not found
Native extension for WebGL target not found
Refreshing native plugins compatible for Editor in 0.29 ms, found 0 plugins.
Preloading 0 native plugins for Editor in 0.00 ms.
Mono: successfully reloaded assembly
- Completed reload, in  1.137 seconds
Platform modules already initialized, skipping
Refreshing native plugins compatible for Editor in 0.27 ms, found 0 plugins.
Preloading 0 native plugins for Editor in 0.00 ms.
Unloading 1121 Unused Serialized files (Serialized files now loaded: 0)
System memory in use before: 58.7 MB.
System memory in use after: 58.8 MB.

Unloading 5 unused Assets to reduce memory usage. Loaded Objects now: 1590.
Total: 2.356400 ms (FindLiveObjects: 0.230300 ms CreateObjectMapping: 0.094200 ms MarkObjects: 1.961000 ms  DeleteObjects: 0.068800 ms)

AssetImportWorkerClient::OnTransportError - code=2 error=End of file
